<?xml version="1.0" encoding="UTF-8"?>
<!-- Generated by org.testng.reporters.JUnitReportReporter -->
<testsuite skipped="0" hostname="LAPTOP-1AMA20NU" name="practice.AppiumFramework.ApiDemoTest" tests="2" failures="0" timestamp="2021-05-21T22:31:18 IST" time="98.907" errors="0">
  <testcase name="apiDemo" time="48.371" classname="practice.AppiumFramework.ApiDemoTest"/>
  <system-out/>
  <testcase name="apiDemo" time="50.536" classname="practice.AppiumFramework.ApiDemoTest"/>
  <system-out/>
</testsuite> <!-- practice.AppiumFramework.ApiDemoTest -->
