<?xml version="1.0" encoding="UTF-8"?>
<!-- Generated by org.testng.reporters.JUnitReportReporter -->
<testsuite skipped="0" hostname="LAPTOP-1AMA20NU" name="practice.AppiumFramework.zEcommerce_tc_4" tests="1" failures="0" timestamp="17 May 2021 17:25:47 GMT" time="47.410" errors="0">
  <testcase name="totalValidation" time="47.410" classname="practice.AppiumFramework.zEcommerce_tc_4"/>
</testsuite> <!-- practice.AppiumFramework.zEcommerce_tc_4 -->
