<?xml version="1.0" encoding="UTF-8"?>
<!-- Generated by org.testng.reporters.JUnitReportReporter -->
<testsuite skipped="0" hostname="LAPTOP-1AMA20NU" name="practice.AppiumFramework.Ecommerce_tc_4" tests="1" failures="0" timestamp="2021-05-21T19:49:13 IST" time="69.603" errors="0">
  <testcase name="totalValidation" time="69.603" classname="practice.AppiumFramework.Ecommerce_tc_4"/>
  <system-out/>
</testsuite> <!-- practice.AppiumFramework.Ecommerce_tc_4 -->
