<?xml version="1.0" encoding="UTF-8"?>
<!-- Generated by org.testng.reporters.JUnitReportReporter -->
<testsuite skipped="0" hostname="LAPTOP-1AMA20NU" name="practice.AppiumFramework.ApiDemoTest" tests="2" failures="0" timestamp="2021-05-22T00:43:38 IST" time="70.129" errors="0">
  <testcase name="apiDemo" time="40.184" classname="practice.AppiumFramework.ApiDemoTest"/>
  <system-out/>
  <testcase name="apiDemo" time="29.945" classname="practice.AppiumFramework.ApiDemoTest"/>
  <system-out/>
</testsuite> <!-- practice.AppiumFramework.ApiDemoTest -->
